1766957508.343363 client started (1051671): version 3.2a, socket /tmp/tmux-1000/default, protocol 8
1766957508.343420 on Linux 6.8.0-76060800daily20240311-generic #202403110203~1714077665~22.04~4c8e9a0 SMP PREEMPT_DYNAMIC Thu A
1766957508.343430 using libevent 2.1.12-stable (poll); ncurses 6.3
1766957508.343474 flags are 0x10010000
1766957508.343481 socket is /tmp/tmux-1000/default
1766957508.343504 trying connect
1766957508.343630 add peer 0x64a1aaa260f0: 6 ((nil))
1766957508.344688 sending message 100 to peer 0x64a1aaa260f0 (4 bytes)
1766957508.344718 sending message 111 to peer 0x64a1aaa260f0 (8 bytes)
1766957508.344726 sending message 101 to peer 0x64a1aaa260f0 (14 bytes)
1766957508.344734 sending message 109 to peer 0x64a1aaa260f0 (4 bytes)
1766957508.344741 sending message 102 to peer 0x64a1aaa260f0 (11 bytes)
1766957508.344748 sending message 108 to peer 0x64a1aaa260f0 (33 bytes)
1766957508.344755 sending message 112 to peer 0x64a1aaa260f0 (70 bytes)
1766957508.344763 sending message 112 to peer 0x64a1aaa260f0 (5 bytes)
1766957508.344770 sending message 112 to peer 0x64a1aaa260f0 (5 bytes)
1766957508.344777 sending message 112 to peer 0x64a1aaa260f0 (6 bytes)
1766957508.344784 sending message 112 to peer 0x64a1aaa260f0 (6 bytes)
1766957508.344791 sending message 112 to peer 0x64a1aaa260f0 (11 bytes)
1766957508.344798 sending message 112 to peer 0x64a1aaa260f0 (10 bytes)
1766957508.344805 sending message 112 to peer 0x64a1aaa260f0 (13 bytes)
1766957508.344812 sending message 112 to peer 0x64a1aaa260f0 (14 bytes)
1766957508.344819 sending message 112 to peer 0x64a1aaa260f0 (9 bytes)
1766957508.344826 sending message 112 to peer 0x64a1aaa260f0 (21 bytes)
1766957508.344833 sending message 112 to peer 0x64a1aaa260f0 (19 bytes)
1766957508.344840 sending message 112 to peer 0x64a1aaa260f0 (11 bytes)
1766957508.344847 sending message 112 to peer 0x64a1aaa260f0 (21 bytes)
1766957508.344853 sending message 112 to peer 0x64a1aaa260f0 (13 bytes)
1766957508.344860 sending message 112 to peer 0x64a1aaa260f0 (7 bytes)
1766957508.344868 sending message 112 to peer 0x64a1aaa260f0 (13 bytes)
1766957508.344874 sending message 112 to peer 0x64a1aaa260f0 (7 bytes)
1766957508.344881 sending message 112 to peer 0x64a1aaa260f0 (13 bytes)
1766957508.344888 sending message 112 to peer 0x64a1aaa260f0 (9 bytes)
1766957508.344895 sending message 112 to peer 0x64a1aaa260f0 (21 bytes)
1766957508.344901 sending message 112 to peer 0x64a1aaa260f0 (13 bytes)
1766957508.344908 sending message 112 to peer 0x64a1aaa260f0 (9 bytes)
1766957508.344915 sending message 112 to peer 0x64a1aaa260f0 (16 bytes)
1766957508.344922 sending message 112 to peer 0x64a1aaa260f0 (13 bytes)
1766957508.344928 sending message 112 to peer 0x64a1aaa260f0 (9 bytes)
1766957508.344935 sending message 112 to peer 0x64a1aaa260f0 (9 bytes)
1766957508.344942 sending message 112 to peer 0x64a1aaa260f0 (12 bytes)
1766957508.344949 sending message 112 to peer 0x64a1aaa260f0 (8 bytes)
1766957508.344956 sending message 112 to peer 0x64a1aaa260f0 (12 bytes)
1766957508.344963 sending message 112 to peer 0x64a1aaa260f0 (8 bytes)
1766957508.344970 sending message 112 to peer 0x64a1aaa260f0 (13 bytes)
1766957508.344977 sending message 112 to peer 0x64a1aaa260f0 (7 bytes)
1766957508.344984 sending message 112 to peer 0x64a1aaa260f0 (7 bytes)
1766957508.344990 sending message 112 to peer 0x64a1aaa260f0 (9 bytes)
1766957508.344997 sending message 112 to peer 0x64a1aaa260f0 (12 bytes)
1766957508.345004 sending message 112 to peer 0x64a1aaa260f0 (6 bytes)
1766957508.345011 sending message 112 to peer 0x64a1aaa260f0 (9 bytes)
1766957508.345018 sending message 112 to peer 0x64a1aaa260f0 (15 bytes)
1766957508.345024 sending message 112 to peer 0x64a1aaa260f0 (13 bytes)
1766957508.345031 sending message 112 to peer 0x64a1aaa260f0 (9 bytes)
1766957508.345038 sending message 112 to peer 0x64a1aaa260f0 (12 bytes)
1766957508.345044 sending message 112 to peer 0x64a1aaa260f0 (8 bytes)
1766957508.345051 sending message 112 to peer 0x64a1aaa260f0 (14 bytes)
1766957508.345058 sending message 112 to peer 0x64a1aaa260f0 (11 bytes)
1766957508.345080 sending message 112 to peer 0x64a1aaa260f0 (9 bytes)
1766957508.345087 sending message 112 to peer 0x64a1aaa260f0 (10 bytes)
1766957508.345094 sending message 112 to peer 0x64a1aaa260f0 (10 bytes)
1766957508.345101 sending message 112 to peer 0x64a1aaa260f0 (10 bytes)
1766957508.345108 sending message 112 to peer 0x64a1aaa260f0 (10 bytes)
1766957508.345114 sending message 112 to peer 0x64a1aaa260f0 (11 bytes)
1766957508.345122 sending message 112 to peer 0x64a1aaa260f0 (12 bytes)
1766957508.345129 sending message 112 to peer 0x64a1aaa260f0 (12 bytes)
1766957508.345136 sending message 112 to peer 0x64a1aaa260f0 (12 bytes)
1766957508.345143 sending message 112 to peer 0x64a1aaa260f0 (12 bytes)
1766957508.345150 sending message 112 to peer 0x64a1aaa260f0 (12 bytes)
1766957508.345156 sending message 112 to peer 0x64a1aaa260f0 (11 bytes)
1766957508.345163 sending message 112 to peer 0x64a1aaa260f0 (11 bytes)
1766957508.345170 sending message 112 to peer 0x64a1aaa260f0 (12 bytes)
1766957508.345176 sending message 112 to peer 0x64a1aaa260f0 (12 bytes)
1766957508.345183 sending message 112 to peer 0x64a1aaa260f0 (12 bytes)
1766957508.345190 sending message 112 to peer 0x64a1aaa260f0 (12 bytes)
1766957508.345197 sending message 112 to peer 0x64a1aaa260f0 (12 bytes)
1766957508.345203 sending message 112 to peer 0x64a1aaa260f0 (9 bytes)
1766957508.345210 sending message 112 to peer 0x64a1aaa260f0 (12 bytes)
1766957508.345217 sending message 112 to peer 0x64a1aaa260f0 (13 bytes)
1766957508.345224 sending message 112 to peer 0x64a1aaa260f0 (13 bytes)
1766957508.345230 sending message 112 to peer 0x64a1aaa260f0 (13 bytes)
1766957508.345237 sending message 112 to peer 0x64a1aaa260f0 (13 bytes)
1766957508.345244 sending message 112 to peer 0x64a1aaa260f0 (13 bytes)
1766957508.345251 sending message 112 to peer 0x64a1aaa260f0 (8 bytes)
1766957508.345258 sending message 112 to peer 0x64a1aaa260f0 (11 bytes)
1766957508.345265 sending message 112 to peer 0x64a1aaa260f0 (11 bytes)
1766957508.345272 sending message 112 to peer 0x64a1aaa260f0 (11 bytes)
1766957508.345278 sending message 112 to peer 0x64a1aaa260f0 (12 bytes)
1766957508.345285 sending message 112 to peer 0x64a1aaa260f0 (12 bytes)
1766957508.345292 sending message 112 to peer 0x64a1aaa260f0 (12 bytes)
1766957508.345299 sending message 112 to peer 0x64a1aaa260f0 (12 bytes)
1766957508.345306 sending message 112 to peer 0x64a1aaa260f0 (13 bytes)
1766957508.345312 sending message 112 to peer 0x64a1aaa260f0 (13 bytes)
1766957508.345319 sending message 112 to peer 0x64a1aaa260f0 (13 bytes)
1766957508.345326 sending message 112 to peer 0x64a1aaa260f0 (8 bytes)
1766957508.345333 sending message 112 to peer 0x64a1aaa260f0 (13 bytes)
1766957508.345339 sending message 112 to peer 0x64a1aaa260f0 (13 bytes)
1766957508.345346 sending message 112 to peer 0x64a1aaa260f0 (13 bytes)
1766957508.345353 sending message 112 to peer 0x64a1aaa260f0 (13 bytes)
1766957508.345360 sending message 112 to peer 0x64a1aaa260f0 (13 bytes)
1766957508.345367 sending message 112 to peer 0x64a1aaa260f0 (12 bytes)
1766957508.345374 sending message 112 to peer 0x64a1aaa260f0 (12 bytes)
1766957508.345380 sending message 112 to peer 0x64a1aaa260f0 (12 bytes)
1766957508.345387 sending message 112 to peer 0x64a1aaa260f0 (12 bytes)
1766957508.345394 sending message 112 to peer 0x64a1aaa260f0 (13 bytes)
1766957508.345400 sending message 112 to peer 0x64a1aaa260f0 (8 bytes)
1766957508.345407 sending message 112 to peer 0x64a1aaa260f0 (13 bytes)
1766957508.345414 sending message 112 to peer 0x64a1aaa260f0 (13 bytes)
1766957508.345421 sending message 112 to peer 0x64a1aaa260f0 (13 bytes)
1766957508.345427 sending message 112 to peer 0x64a1aaa260f0 (13 bytes)
1766957508.345434 sending message 112 to peer 0x64a1aaa260f0 (13 bytes)
1766957508.345441 sending message 112 to peer 0x64a1aaa260f0 (13 bytes)
1766957508.345448 sending message 112 to peer 0x64a1aaa260f0 (13 bytes)
1766957508.345455 sending message 112 to peer 0x64a1aaa260f0 (12 bytes)
1766957508.345462 sending message 112 to peer 0x64a1aaa260f0 (12 bytes)
1766957508.345477 sending message 112 to peer 0x64a1aaa260f0 (12 bytes)
1766957508.345484 sending message 112 to peer 0x64a1aaa260f0 (8 bytes)
1766957508.345491 sending message 112 to peer 0x64a1aaa260f0 (12 bytes)
1766957508.345497 sending message 112 to peer 0x64a1aaa260f0 (13 bytes)
1766957508.345504 sending message 112 to peer 0x64a1aaa260f0 (13 bytes)
1766957508.345511 sending message 112 to peer 0x64a1aaa260f0 (13 bytes)
1766957508.345518 sending message 112 to peer 0x64a1aaa260f0 (13 bytes)
1766957508.345525 sending message 112 to peer 0x64a1aaa260f0 (13 bytes)
1766957508.345532 sending message 112 to peer 0x64a1aaa260f0 (13 bytes)
1766957508.345549 sending message 112 to peer 0x64a1aaa260f0 (13 bytes)
1766957508.345577 sending message 112 to peer 0x64a1aaa260f0 (13 bytes)
1766957508.345586 sending message 112 to peer 0x64a1aaa260f0 (12 bytes)
1766957508.345595 sending message 112 to peer 0x64a1aaa260f0 (10 bytes)
1766957508.345604 sending message 112 to peer 0x64a1aaa260f0 (12 bytes)
1766957508.345613 sending message 112 to peer 0x64a1aaa260f0 (12 bytes)
1766957508.345622 sending message 112 to peer 0x64a1aaa260f0 (12 bytes)
1766957508.345632 sending message 112 to peer 0x64a1aaa260f0 (13 bytes)
1766957508.345641 sending message 112 to peer 0x64a1aaa260f0 (13 bytes)
1766957508.345650 sending message 112 to peer 0x64a1aaa260f0 (13 bytes)
1766957508.345659 sending message 112 to peer 0x64a1aaa260f0 (13 bytes)
1766957508.345667 sending message 112 to peer 0x64a1aaa260f0 (13 bytes)
1766957508.345675 sending message 112 to peer 0x64a1aaa260f0 (13 bytes)
1766957508.345685 sending message 112 to peer 0x64a1aaa260f0 (13 bytes)
1766957508.345694 sending message 112 to peer 0x64a1aaa260f0 (10 bytes)
1766957508.345700 sending message 112 to peer 0x64a1aaa260f0 (13 bytes)
1766957508.345707 sending message 112 to peer 0x64a1aaa260f0 (12 bytes)
1766957508.345714 sending message 112 to peer 0x64a1aaa260f0 (12 bytes)
1766957508.345721 sending message 112 to peer 0x64a1aaa260f0 (12 bytes)
1766957508.345727 sending message 112 to peer 0x64a1aaa260f0 (10 bytes)
1766957508.345734 sending message 112 to peer 0x64a1aaa260f0 (10 bytes)
1766957508.345741 sending message 112 to peer 0x64a1aaa260f0 (10 bytes)
1766957508.345747 sending message 112 to peer 0x64a1aaa260f0 (12 bytes)
1766957508.345754 sending message 112 to peer 0x64a1aaa260f0 (13 bytes)
1766957508.345761 sending message 112 to peer 0x64a1aaa260f0 (13 bytes)
1766957508.345768 sending message 112 to peer 0x64a1aaa260f0 (13 bytes)
1766957508.345774 sending message 112 to peer 0x64a1aaa260f0 (13 bytes)
1766957508.345781 sending message 112 to peer 0x64a1aaa260f0 (13 bytes)
1766957508.345790 sending message 112 to peer 0x64a1aaa260f0 (10 bytes)
1766957508.345798 sending message 112 to peer 0x64a1aaa260f0 (11 bytes)
1766957508.345803 sending message 112 to peer 0x64a1aaa260f0 (12 bytes)
1766957508.345808 sending message 112 to peer 0x64a1aaa260f0 (12 bytes)
1766957508.345814 sending message 112 to peer 0x64a1aaa260f0 (12 bytes)
1766957508.345821 sending message 112 to peer 0x64a1aaa260f0 (12 bytes)
1766957508.345829 sending message 112 to peer 0x64a1aaa260f0 (12 bytes)
1766957508.345835 sending message 112 to peer 0x64a1aaa260f0 (11 bytes)
1766957508.345840 sending message 112 to peer 0x64a1aaa260f0 (12 bytes)
1766957508.345846 sending message 112 to peer 0x64a1aaa260f0 (12 bytes)
1766957508.345851 sending message 112 to peer 0x64a1aaa260f0 (13 bytes)
1766957508.345856 sending message 112 to peer 0x64a1aaa260f0 (13 bytes)
1766957508.345862 sending message 112 to peer 0x64a1aaa260f0 (13 bytes)
1766957508.345867 sending message 112 to peer 0x64a1aaa260f0 (13 bytes)
1766957508.345872 sending message 112 to peer 0x64a1aaa260f0 (13 bytes)
1766957508.345876 sending message 112 to peer 0x64a1aaa260f0 (10 bytes)
1766957508.345881 sending message 112 to peer 0x64a1aaa260f0 (9 bytes)
1766957508.345886 sending message 112 to peer 0x64a1aaa260f0 (12 bytes)
1766957508.345893 sending message 112 to peer 0x64a1aaa260f0 (13 bytes)
1766957508.345899 sending message 112 to peer 0x64a1aaa260f0 (13 bytes)
1766957508.345913 sending message 112 to peer 0x64a1aaa260f0 (13 bytes)
1766957508.345919 sending message 112 to peer 0x64a1aaa260f0 (13 bytes)
1766957508.345924 sending message 112 to peer 0x64a1aaa260f0 (13 bytes)
1766957508.345929 sending message 112 to peer 0x64a1aaa260f0 (9 bytes)
1766957508.345936 sending message 112 to peer 0x64a1aaa260f0 (12 bytes)
1766957508.345942 sending message 112 to peer 0x64a1aaa260f0 (13 bytes)
1766957508.345947 sending message 112 to peer 0x64a1aaa260f0 (13 bytes)
1766957508.345955 sending message 112 to peer 0x64a1aaa260f0 (13 bytes)
1766957508.345962 sending message 112 to peer 0x64a1aaa260f0 (13 bytes)
1766957508.345969 sending message 112 to peer 0x64a1aaa260f0 (13 bytes)
1766957508.345978 sending message 112 to peer 0x64a1aaa260f0 (11 bytes)
1766957508.345987 sending message 112 to peer 0x64a1aaa260f0 (12 bytes)
1766957508.345996 sending message 112 to peer 0x64a1aaa260f0 (13 bytes)
1766957508.346003 sending message 112 to peer 0x64a1aaa260f0 (13 bytes)
1766957508.346009 sending message 112 to peer 0x64a1aaa260f0 (13 bytes)
1766957508.346014 sending message 112 to peer 0x64a1aaa260f0 (13 bytes)
1766957508.346022 sending message 112 to peer 0x64a1aaa260f0 (13 bytes)
1766957508.346029 sending message 112 to peer 0x64a1aaa260f0 (11 bytes)
1766957508.346034 sending message 112 to peer 0x64a1aaa260f0 (12 bytes)
1766957508.346052 sending message 112 to peer 0x64a1aaa260f0 (12 bytes)
1766957508.346053 sending message 112 to peer 0x64a1aaa260f0 (12 bytes)
1766957508.346055 sending message 112 to peer 0x64a1aaa260f0 (12 bytes)
1766957508.346057 sending message 112 to peer 0x64a1aaa260f0 (12 bytes)
1766957508.346059 sending message 112 to peer 0x64a1aaa260f0 (21 bytes)
1766957508.346075 sending message 112 to peer 0x64a1aaa260f0 (12 bytes)
1766957508.346077 sending message 112 to peer 0x64a1aaa260f0 (9 bytes)
1766957508.346078 sending message 112 to peer 0x64a1aaa260f0 (6 bytes)
1766957508.346080 sending message 112 to peer 0x64a1aaa260f0 (13 bytes)
1766957508.346082 sending message 112 to peer 0x64a1aaa260f0 (10 bytes)
1766957508.346084 sending message 112 to peer 0x64a1aaa260f0 (15 bytes)
1766957508.346085 sending message 112 to peer 0x64a1aaa260f0 (13 bytes)
1766957508.346087 sending message 112 to peer 0x64a1aaa260f0 (9 bytes)
1766957508.346089 sending message 112 to peer 0x64a1aaa260f0 (70 bytes)
1766957508.346091 sending message 112 to peer 0x64a1aaa260f0 (69 bytes)
1766957508.346092 sending message 112 to peer 0x64a1aaa260f0 (34 bytes)
1766957508.346094 sending message 112 to peer 0x64a1aaa260f0 (34 bytes)
1766957508.346096 sending message 112 to peer 0x64a1aaa260f0 (70 bytes)
1766957508.346098 sending message 112 to peer 0x64a1aaa260f0 (12 bytes)
1766957508.346099 sending message 112 to peer 0x64a1aaa260f0 (10 bytes)
1766957508.346101 sending message 112 to peer 0x64a1aaa260f0 (10 bytes)
1766957508.346103 sending message 112 to peer 0x64a1aaa260f0 (15 bytes)
1766957508.346105 sending message 112 to peer 0x64a1aaa260f0 (13 bytes)
1766957508.346106 sending message 112 to peer 0x64a1aaa260f0 (10 bytes)
1766957508.346108 sending message 112 to peer 0x64a1aaa260f0 (10 bytes)
1766957508.346110 sending message 112 to peer 0x64a1aaa260f0 (17 bytes)
1766957508.346112 sending message 112 to peer 0x64a1aaa260f0 (10 bytes)
1766957508.346113 sending message 112 to peer 0x64a1aaa260f0 (13 bytes)
1766957508.346115 sending message 112 to peer 0x64a1aaa260f0 (32 bytes)
1766957508.346117 sending message 112 to peer 0x64a1aaa260f0 (5 bytes)
1766957508.346119 sending message 112 to peer 0x64a1aaa260f0 (9 bytes)
1766957508.346120 sending message 112 to peer 0x64a1aaa260f0 (15 bytes)
1766957508.346122 sending message 112 to peer 0x64a1aaa260f0 (5 bytes)
1766957508.346125 sending message 104 to peer 0x64a1aaa260f0 (0 bytes)
1766957508.346127 sending message 110 to peer 0x64a1aaa260f0 (0 bytes)
1766957508.346130 sending message 107 to peer 0x64a1aaa260f0 (4 bytes)
1766957508.346131 sending message 105 to peer 0x64a1aaa260f0 (48 bytes)
1766957508.346133 sending message 105 to peer 0x64a1aaa260f0 (49 bytes)
1766957508.346138 sending message 105 to peer 0x64a1aaa260f0 (21 bytes)
1766957508.346140 sending message 105 to peer 0x64a1aaa260f0 (18 bytes)
1766957508.346141 sending message 105 to peer 0x64a1aaa260f0 (16 bytes)
1766957508.346143 sending message 105 to peer 0x64a1aaa260f0 (45 bytes)
1766957508.346145 sending message 105 to peer 0x64a1aaa260f0 (24 bytes)
1766957508.346147 sending message 105 to peer 0x64a1aaa260f0 (19 bytes)
1766957508.346149 sending message 105 to peer 0x64a1aaa260f0 (781 bytes)
1766957508.346152 sending message 105 to peer 0x64a1aaa260f0 (24 bytes)
1766957508.346153 sending message 105 to peer 0x64a1aaa260f0 (55 bytes)
1766957508.346155 sending message 105 to peer 0x64a1aaa260f0 (20 bytes)
1766957508.346157 sending message 105 to peer 0x64a1aaa260f0 (52 bytes)
1766957508.346159 sending message 105 to peer 0x64a1aaa260f0 (54 bytes)
1766957508.346161 sending message 105 to peer 0x64a1aaa260f0 (20 bytes)
1766957508.346162 sending message 105 to peer 0x64a1aaa260f0 (11 bytes)
1766957508.346164 sending message 105 to peer 0x64a1aaa260f0 (12 bytes)
1766957508.346166 sending message 105 to peer 0x64a1aaa260f0 (22 bytes)
1766957508.346168 sending message 105 to peer 0x64a1aaa260f0 (15 bytes)
1766957508.346169 sending message 105 to peer 0x64a1aaa260f0 (61 bytes)
1766957508.346171 sending message 105 to peer 0x64a1aaa260f0 (77 bytes)
1766957508.346173 sending message 105 to peer 0x64a1aaa260f0 (34 bytes)
1766957508.346175 sending message 105 to peer 0x64a1aaa260f0 (83 bytes)
1766957508.346177 sending message 105 to peer 0x64a1aaa260f0 (16 bytes)
1766957508.346178 sending message 105 to peer 0x64a1aaa260f0 (44 bytes)
1766957508.346180 sending message 105 to peer 0x64a1aaa260f0 (29 bytes)
1766957508.346182 sending message 105 to peer 0x64a1aaa260f0 (52 bytes)
1766957508.346184 sending message 105 to peer 0x64a1aaa260f0 (26 bytes)
1766957508.346185 sending message 105 to peer 0x64a1aaa260f0 (19 bytes)
1766957508.346187 sending message 105 to peer 0x64a1aaa260f0 (28 bytes)
1766957508.346189 sending message 105 to peer 0x64a1aaa260f0 (35 bytes)
1766957508.346191 sending message 105 to peer 0x64a1aaa260f0 (18 bytes)
1766957508.346193 sending message 105 to peer 0x64a1aaa260f0 (18 bytes)
1766957508.346194 sending message 105 to peer 0x64a1aaa260f0 (167 bytes)
1766957508.346196 sending message 105 to peer 0x64a1aaa260f0 (46 bytes)
1766957508.346198 sending message 105 to peer 0x64a1aaa260f0 (17 bytes)
1766957508.346200 sending message 105 to peer 0x64a1aaa260f0 (71 bytes)
1766957508.346202 sending message 105 to peer 0x64a1aaa260f0 (15 bytes)
1766957508.346203 sending message 105 to peer 0x64a1aaa260f0 (1519 bytes)
1766957508.346217 sending message 105 to peer 0x64a1aaa260f0 (16 bytes)
1766957508.346219 sending message 105 to peer 0x64a1aaa260f0 (69 bytes)
1766957508.346221 sending message 105 to peer 0x64a1aaa260f0 (14 bytes)
1766957508.346223 sending message 105 to peer 0x64a1aaa260f0 (26 bytes)
1766957508.346225 sending message 105 to peer 0x64a1aaa260f0 (40 bytes)
1766957508.346227 sending message 105 to peer 0x64a1aaa260f0 (17 bytes)
1766957508.346228 sending message 105 to peer 0x64a1aaa260f0 (411 bytes)
1766957508.346230 sending message 105 to peer 0x64a1aaa260f0 (37 bytes)
1766957508.346232 sending message 105 to peer 0x64a1aaa260f0 (19 bytes)
1766957508.346234 sending message 105 to peer 0x64a1aaa260f0 (18 bytes)
1766957508.346236 sending message 105 to peer 0x64a1aaa260f0 (18 bytes)
1766957508.346237 sending message 105 to peer 0x64a1aaa260f0 (82 bytes)
1766957508.346239 sending message 105 to peer 0x64a1aaa260f0 (52 bytes)
1766957508.346259 sending message 105 to peer 0x64a1aaa260f0 (15 bytes)
1766957508.346261 sending message 105 to peer 0x64a1aaa260f0 (8 bytes)
1766957508.346263 sending message 105 to peer 0x64a1aaa260f0 (33 bytes)
1766957508.346265 sending message 105 to peer 0x64a1aaa260f0 (41 bytes)
1766957508.346267 sending message 105 to peer 0x64a1aaa260f0 (61 bytes)
1766957508.346269 sending message 105 to peer 0x64a1aaa260f0 (38 bytes)
1766957508.346271 sending message 105 to peer 0x64a1aaa260f0 (19 bytes)
1766957508.346275 sending message 105 to peer 0x64a1aaa260f0 (22 bytes)
1766957508.346277 sending message 105 to peer 0x64a1aaa260f0 (19 bytes)
1766957508.346279 sending message 105 to peer 0x64a1aaa260f0 (65 bytes)
1766957508.346281 sending message 105 to peer 0x64a1aaa260f0 (18 bytes)
1766957508.346283 sending message 105 to peer 0x64a1aaa260f0 (26 bytes)
1766957508.346285 sending message 105 to peer 0x64a1aaa260f0 (15 bytes)
1766957508.346287 sending message 105 to peer 0x64a1aaa260f0 (38 bytes)
1766957508.346289 sending message 105 to peer 0x64a1aaa260f0 (47 bytes)
1766957508.346291 sending message 105 to peer 0x64a1aaa260f0 (13 bytes)
1766957508.346293 sending message 105 to peer 0x64a1aaa260f0 (61 bytes)
1766957508.346295 sending message 105 to peer 0x64a1aaa260f0 (49 bytes)
1766957508.346297 sending message 105 to peer 0x64a1aaa260f0 (36 bytes)
1766957508.346298 sending message 105 to peer 0x64a1aaa260f0 (12 bytes)
1766957508.346301 sending message 105 to peer 0x64a1aaa260f0 (16 bytes)
1766957508.346302 sending message 105 to peer 0x64a1aaa260f0 (12 bytes)
1766957508.346304 sending message 105 to peer 0x64a1aaa260f0 (57 bytes)
1766957508.346306 sending message 105 to peer 0x64a1aaa260f0 (18 bytes)
1766957508.346308 sending message 105 to peer 0x64a1aaa260f0 (13 bytes)
1766957508.346310 sending message 105 to peer 0x64a1aaa260f0 (41 bytes)
1766957508.346312 sending message 105 to peer 0x64a1aaa260f0 (42 bytes)
1766957508.346327 sending message 105 to peer 0x64a1aaa260f0 (38 bytes)
1766957508.346329 sending message 105 to peer 0x64a1aaa260f0 (30 bytes)
1766957508.346331 sending message 105 to peer 0x64a1aaa260f0 (227 bytes)
1766957508.346333 sending message 105 to peer 0x64a1aaa260f0 (23 bytes)
1766957508.346335 sending message 105 to peer 0x64a1aaa260f0 (31 bytes)
1766957508.346337 sending message 105 to peer 0x64a1aaa260f0 (23 bytes)
1766957508.346338 sending message 105 to peer 0x64a1aaa260f0 (24 bytes)
1766957508.346340 sending message 105 to peer 0x64a1aaa260f0 (21 bytes)
1766957508.346342 sending message 105 to peer 0x64a1aaa260f0 (20 bytes)
1766957508.346344 sending message 105 to peer 0x64a1aaa260f0 (35 bytes)
1766957508.346346 sending message 105 to peer 0x64a1aaa260f0 (16 bytes)
1766957508.346347 sending message 106 to peer 0x64a1aaa260f0 (0 bytes)
1766957508.346351 sending message 200 to peer 0x64a1aaa260f0 (4 bytes)
1766957508.346353 client loop enter
1766957508.346756 peer 0x64a1aaa260f0 message 303
1766957508.346761 open write file 2 -
1766957508.346781 sending message 305 to peer 0x64a1aaa260f0 (8 bytes)
1766957508.346791 write check file 2
1766957508.346929 peer 0x64a1aaa260f0 message 304
1766957508.346933 write 58 to file 2
1766957508.346936 peer 0x64a1aaa260f0 message 203
1766957508.346938 file 2 58 bytes left
1766957508.346947 write check file 2
1766957508.346949 client loop exit
